import nabber

newlist = nabber.epdcrimelist()
for each in newlist:
    print "%r" % (each['TimeReceived'])
    

# OUT: '10/7/2013 12:45:56 PM'
# OUT: '10/7/2013 12:48:28 PM'
# OUT: '10/7/2013 12:49:08 PM'
# OUT: '10/7/2013 12:51:56 PM'
# OUT: '10/7/2013 12:58:59 PM'
# OUT: '10/7/2013 1:02:57 PM'
# OUT: '10/7/2013 1:08:14 PM'
# OUT: '10/7/2013 1:09:19 PM'
# OUT: '10/7/2013 1:12:32 PM'
from datetime import datetime
for each in newlist:

e
# OUT:   File "<input>", line 4
# OUT:     e
# OUT:     ^
# OUT: IndentationError: expected an indented block
timelist = []
for each in newlist:
    date_object = datetime.strptime(each['TimeReceived'], '%m/%d/%Y %i:%M:%S %p')
    timelist.append(date_object)
    

# OUT: Traceback (most recent call last):
# OUT:   File "<input>", line 2, in <module>
# OUT:   File "/System/Library/Frameworks/Python.framework/Versions/2.7/lib/python2.7/_strptime.py", line 317, in _strptime
# OUT:     (bad_directive, format))
# OUT: ValueError: 'i' is a bad directive in format '%m/%d/%Y %i:%M:%S %p'
for each in newlist:
    date_object = datetime.strptime(each['TimeReceived'], '%m/%d/%Y %I:%M:%S %p')
    timelist.append(date_object)
    

timelist
# OUT: [datetime.datetime(2013, 10, 7, 12, 45, 56), datetime.datetime(2013, 10, 7, 12, 48, 28), datetime.datetime(2013, 10, 7, 12, 49, 8), datetime.datetime(2013, 10, 7, 12, 51, 56), datetime.datetime(2013, 10, 7, 12, 58, 59), datetime.datetime(2013, 10, 7, 13, 2, 57), datetime.datetime(2013, 10, 7, 13, 8, 14), datetime.datetime(2013, 10, 7, 13, 9, 19), datetime.datetime(2013, 10, 7, 13, 12, 32)]
